<?xml version="1.0" encoding="UTF-8"?>
<!-- Generated by org.testng.reporters.JUnitXMLReporter -->
<testsuite ignored="0" hostname="DESKTOP-QQS5BR8" failures="0" tests="8" name="Default test" time="31.404" errors="0" timestamp="2026-01-15T00:02:16 AST">
  <testcase classname="authentication.AuthTest" name="clickToMove" time="1.824"/>
  <testcase classname="authentication.AuthTest" name="signUp" time="2.264"/>
  <testcase classname="authentication.AuthTest" name="signUpTitleInfo" time="0.472"/>
  <testcase classname="authentication.AuthTest" name="signUpAddressInfo" time="0.781"/>
  <testcase classname="authentication.AuthTest" name="createProcess" time="5.901"/>
  <testcase classname="authentication.AuthTest" name="logOut" time="2.139"/>
  <testcase classname="authentication.AuthTest" name="logIn" time="4.643"/>
  <testcase classname="authentication.AuthTest" name="deleteAccount" time="6.992"/>
</testsuite> <!-- Default test -->
