<?xml version="1.0" encoding="UTF-8"?>
<testng-results ignored="0" total="8" passed="8" failed="0" skipped="0">
  <reporter-output>
  </reporter-output>
  <suite started-at="2026-01-15T00:01:45 AST" name="Default suite" finished-at="2026-01-15T00:02:16 AST" duration-ms="31404">
    <groups>
    </groups>
    <test started-at="2026-01-15T00:01:45 AST" name="Default test" finished-at="2026-01-15T00:02:16 AST" duration-ms="31404">
      <class name="authentication.AuthTest">
        <test-method is-config="true" signature="mySetup()[pri:0, instance:authentication.AuthTest@8692d67]" started-at="2026-01-15T00:01:45 AST" name="mySetup" finished-at="2026-01-15T00:01:51 AST" duration-ms="6333" status="PASS">
          <reporter-output>
          </reporter-output>
        </test-method> <!-- mySetup -->
        <test-method signature="clickToMove()[pri:1, instance:authentication.AuthTest@8692d67]" started-at="2026-01-15T00:01:51 AST" name="clickToMove" finished-at="2026-01-15T00:01:53 AST" duration-ms="1824" status="PASS">
          <reporter-output>
          </reporter-output>
        </test-method> <!-- clickToMove -->
        <test-method signature="signUp()[pri:2, instance:authentication.AuthTest@8692d67]" started-at="2026-01-15T00:01:53 AST" name="signUp" finished-at="2026-01-15T00:01:55 AST" duration-ms="2264" status="PASS">
          <reporter-output>
          </reporter-output>
        </test-method> <!-- signUp -->
        <test-method signature="signUpTitleInfo()[pri:3, instance:authentication.AuthTest@8692d67]" started-at="2026-01-15T00:01:55 AST" name="signUpTitleInfo" finished-at="2026-01-15T00:01:56 AST" duration-ms="472" status="PASS">
          <reporter-output>
          </reporter-output>
        </test-method> <!-- signUpTitleInfo -->
        <test-method signature="signUpAddressInfo()[pri:4, instance:authentication.AuthTest@8692d67]" started-at="2026-01-15T00:01:56 AST" name="signUpAddressInfo" finished-at="2026-01-15T00:01:56 AST" duration-ms="781" status="PASS">
          <reporter-output>
          </reporter-output>
        </test-method> <!-- signUpAddressInfo -->
        <test-method signature="createProcess()[pri:5, instance:authentication.AuthTest@8692d67]" started-at="2026-01-15T00:01:56 AST" name="createProcess" finished-at="2026-01-15T00:02:02 AST" duration-ms="5901" status="PASS">
          <reporter-output>
          </reporter-output>
        </test-method> <!-- createProcess -->
        <test-method signature="logOut()[pri:6, instance:authentication.AuthTest@8692d67]" started-at="2026-01-15T00:02:02 AST" name="logOut" finished-at="2026-01-15T00:02:04 AST" duration-ms="2139" status="PASS">
          <reporter-output>
          </reporter-output>
        </test-method> <!-- logOut -->
        <test-method signature="logIn()[pri:7, instance:authentication.AuthTest@8692d67]" started-at="2026-01-15T00:02:04 AST" name="logIn" finished-at="2026-01-15T00:02:09 AST" duration-ms="4643" status="PASS">
          <reporter-output>
          </reporter-output>
        </test-method> <!-- logIn -->
        <test-method signature="deleteAccount()[pri:8, instance:authentication.AuthTest@8692d67]" started-at="2026-01-15T00:02:09 AST" name="deleteAccount" finished-at="2026-01-15T00:02:16 AST" duration-ms="6992" status="PASS">
          <reporter-output>
          </reporter-output>
        </test-method> <!-- deleteAccount -->
        <test-method is-config="true" signature="myAfterTest()[pri:0, instance:authentication.AuthTest@8692d67]" started-at="2026-01-15T00:02:16 AST" name="myAfterTest" finished-at="2026-01-15T00:02:16 AST" duration-ms="1" status="PASS">
          <reporter-output>
          </reporter-output>
        </test-method> <!-- myAfterTest -->
      </class> <!-- authentication.AuthTest -->
    </test> <!-- Default test -->
  </suite> <!-- Default suite -->
</testng-results>
